# JRE version: OpenJDK Runtime Environment (11.0.8+10) (build 11.0.8+10-b944.6842174)
# Java VM: OpenJDK 64-Bit Server VM (11.0.8+10-b944.6842174, mixed mode, tiered, compressed oops, g1 gc, windows-amd64)
Heap:
 garbage-first heap   total 481280K, used 293320K [0x0000000080000000, 0x0000000100000000)
  region size 1024K, 155 young (158720K), 2 survivors (2048K)
 Metaspace       used 160558K, capacity 164039K, committed 165708K, reserved 1193984K
  class space    used 19376K, capacity 20625K, committed 21120K, reserved 1048576K
GC Heap History (20 events):
Event: 50.644 GC heap before
{Heap before GC invocations=54 (full 0):
 garbage-first heap   total 481280K, used 359424K [0x0000000080000000, 0x0000000100000000)
  region size 1024K, 118 young (120832K), 12 survivors (12288K)
 Metaspace       used 132983K, capacity 136211K, committed 136396K, reserved 1167360K
  class space    used 16408K, capacity 17585K, committed 17664K, reserved 1048576K
}
Event: 50.664 GC heap after
{Heap after GC invocations=55 (full 0):
 garbage-first heap   total 481280K, used 245123K [0x0000000080000000, 0x0000000100000000)
  region size 1024K, 12 young (12288K), 12 survivors (12288K)
 Metaspace       used 132983K, capacity 136211K, committed 136396K, reserved 1167360K
  class space    used 16408K, capacity 17585K, committed 17664K, reserved 1048576K
}
Event: 603.809 GC heap before
{Heap before GC invocations=55 (full 0):
 garbage-first heap   total 481280K, used 380291K [0x0000000080000000, 0x0000000100000000)
  region size 1024K, 127 young (130048K), 12 survivors (12288K)
 Metaspace       used 133420K, capacity 136708K, committed 136908K, reserved 1169408K
  class space    used 16416K, capacity 17592K, committed 17664K, reserved 1048576K
}
Event: 603.852 GC heap after
{Heap after GC invocations=56 (full 0):
 garbage-first heap   total 481280K, used 237537K [0x0000000080000000, 0x0000000100000000)
  region size 1024K, 2 young (2048K), 2 survivors (2048K)
 Metaspace       used 133420K, capacity 136708K, committed 136908K, reserved 1169408K
  class space    used 16416K, capacity 17592K, committed 17664K, reserved 1048576K
}
Event: 1917.731 GC heap before
{Heap before GC invocations=56 (full 0):
 garbage-first heap   total 481280K, used 388065K [0x0000000080000000, 0x0000000100000000)
  region size 1024K, 134 young (137216K), 2 survivors (2048K)
 Metaspace       used 139956K, capacity 143822K, committed 143948K, reserved 1175552K
  class space    used 17131K, capacity 18471K, committed 18560K, reserved 1048576K
}
Event: 1917.768 GC heap after
{Heap after GC invocations=57 (full 0):
 garbage-first heap   total 481280K, used 262734K [0x0000000080000000, 0x0000000100000000)
  region size 1024K, 11 young (11264K), 11 survivors (11264K)
 Metaspace       used 139956K, capacity 143822K, committed 143948K, reserved 1175552K
  class space    used 17131K, capacity 18471K, committed 18560K, reserved 1048576K
}
Event: 1920.474 GC heap before
{Heap before GC invocations=57 (full 0):
 garbage-first heap   total 481280K, used 382542K [0x0000000080000000, 0x0000000100000000)
  region size 1024K, 128 young (131072K), 11 survivors (11264K)
 Metaspace       used 147863K, capacity 151780K, committed 151884K, reserved 1181696K
  class space    used 18134K, capacity 19526K, committed 19584K, reserved 1048576K
}
Event: 1920.522 GC heap after
{Heap after GC invocations=58 (full 0):
 garbage-first heap   total 481280K, used 270903K [0x0000000080000000, 0x0000000100000000)
  region size 1024K, 9 young (9216K), 9 survivors (9216K)
 Metaspace       used 147863K, capacity 151780K, committed 151884K, reserved 1181696K
  class space    used 18134K, capacity 19526K, committed 19584K, reserved 1048576K
}
Event: 3129.279 GC heap before
{Heap before GC invocations=58 (full 0):
 garbage-first heap   total 481280K, used 388663K [0x0000000080000000, 0x0000000100000000)
  region size 1024K, 124 young (126976K), 9 survivors (9216K)
 Metaspace       used 152268K, capacity 156472K, committed 156620K, reserved 1185792K
  class space    used 18626K, capacity 20138K, committed 20224K, reserved 1048576K
}
Event: 3129.304 GC heap after
{Heap after GC invocations=59 (full 0):
 garbage-first heap   total 481280K, used 275384K [0x0000000080000000, 0x0000000100000000)
  region size 1024K, 13 young (13312K), 13 survivors (13312K)
 Metaspace       used 152268K, capacity 156472K, committed 156620K, reserved 1185792K
  class space    used 18626K, capacity 20138K, committed 20224K, reserved 1048576K
}
Event: 7146.511 GC heap before
{Heap before GC invocations=59 (full 0):
 garbage-first heap   total 481280K, used 395192K [0x0000000080000000, 0x0000000100000000)
  region size 1024K, 130 young (133120K), 13 survivors (13312K)
 Metaspace       used 152490K, capacity 156732K, committed 156876K, reserved 1185792K
  class space    used 18633K, capacity 20149K, committed 20224K, reserved 1048576K
}
Event: 7146.648 GC heap after
{Heap after GC invocations=60 (full 0):
 garbage-first heap   total 481280K, used 279737K [0x0000000080000000, 0x0000000100000000)
  region size 1024K, 10 young (10240K), 10 survivors (10240K)
 Metaspace       used 152490K, capacity 156732K, committed 156876K, reserved 1185792K
  class space    used 18633K, capacity 20149K, committed 20224K, reserved 1048576K
}
Event: 7148.446 GC heap before
{Heap before GC invocations=60 (full 0):
 garbage-first heap   total 481280K, used 345273K [0x0000000080000000, 0x0000000100000000)
  region size 1024K, 65 young (66560K), 10 survivors (10240K)
 Metaspace       used 152624K, capacity 156869K, committed 157132K, reserved 1185792K
  class space    used 18638K, capacity 20152K, committed 20224K, reserved 1048576K
}
Event: 7148.593 GC heap after
{Heap after GC invocations=61 (full 0):
 garbage-first heap   total 481280K, used 299692K [0x0000000080000000, 0x0000000100000000)
  region size 1024K, 16 young (16384K), 16 survivors (16384K)
 Metaspace       used 152624K, capacity 156869K, committed 157132K, reserved 1185792K
  class space    used 18638K, capacity 20152K, committed 20224K, reserved 1048576K
}
Event: 7153.906 GC heap before
{Heap before GC invocations=62 (full 0):
 garbage-first heap   total 481280K, used 315052K [0x0000000080000000, 0x0000000100000000)
  region size 1024K, 106 young (108544K), 16 survivors (16384K)
 Metaspace       used 151579K, capacity 154973K, committed 157132K, reserved 1185792K
  class space    used 18379K, capacity 19617K, committed 20224K, reserved 1048576K
}
Event: 7153.964 GC heap after
{Heap after GC invocations=63 (full 0):
 garbage-first heap   total 481280K, used 217358K [0x0000000080000000, 0x0000000100000000)
  region size 1024K, 7 young (7168K), 7 survivors (7168K)
 Metaspace       used 151579K, capacity 154973K, committed 157132K, reserved 1185792K
  class space    used 18379K, capacity 19617K, committed 20224K, reserved 1048576K
}
Event: 7154.024 GC heap before
{Heap before GC invocations=63 (full 0):
 garbage-first heap   total 481280K, used 232718K [0x0000000080000000, 0x0000000100000000)
  region size 1024K, 23 young (23552K), 7 survivors (7168K)
 Metaspace       used 151583K, capacity 154973K, committed 157132K, reserved 1185792K
  class space    used 18379K, capacity 19617K, committed 20224K, reserved 1048576K
}
Event: 7154.057 GC heap after
{Heap after GC invocations=64 (full 0):
 garbage-first heap   total 481280K, used 171989K [0x0000000080000000, 0x0000000100000000)
  region size 1024K, 2 young (2048K), 2 survivors (2048K)
 Metaspace       used 151583K, capacity 154973K, committed 157132K, reserved 1185792K
  class space    used 18379K, capacity 19617K, committed 20224K, reserved 1048576K
}
Event: 7154.276 GC heap before
{Heap before GC invocations=64 (full 0):
 garbage-first heap   total 481280K, used 192469K [0x0000000080000000, 0x0000000100000000)
  region size 1024K, 23 young (23552K), 2 survivors (2048K)
 Metaspace       used 151735K, capacity 155107K, committed 157132K, reserved 1185792K
  class space    used 18398K, capacity 19618K, committed 20224K, reserved 1048576K
}
Event: 7154.323 GC heap after
{Heap after GC invocations=65 (full 0):
 garbage-first heap   total 481280K, used 134600K [0x0000000080000000, 0x0000000100000000)
  region size 1024K, 2 young (2048K), 2 survivors (2048K)
 Metaspace       used 151735K, capacity 155107K, committed 157132K, reserved 1185792K
  class space    used 18398K, capacity 19618K, committed 20224K, reserved 1048576K
}

